<?xml version="1.0" encoding="UTF-8"?>
<!-- Generated by org.testng.reporters.JUnitXMLReporter -->
<testsuite ignored="0" hostname="Ramya" failures="0" tests="4" name="Test" time="2.844" errors="0" timestamp="2025-04-27T13:10:32 IST">
  <testcase classname="unitTest.ParellelTest1" name="searchTest2" time="0.185"/>
  <testcase classname="unitTest.ParellelTest2" name="searchTest2" time="0.13"/>
  <testcase classname="unitTest.ParellelTest1" name="searchTest3" time="2.472"/>
  <testcase classname="unitTest.ParellelTest2" name="searchTest3" time="2.437"/>
</testsuite> <!-- Test -->
