<?xml version="1.0" encoding="UTF-8"?>
<!-- Generated by org.testng.reporters.JUnitXMLReporter -->
<testsuite ignored="0" hostname="Ramya" failures="0" tests="4" name="Test1" time="2.776" errors="0" timestamp="2025-04-28T08:26:09 IST">
  <testcase classname="unitTest.ParellelTest2" name="searchTest2" time="0.131"/>
  <testcase classname="unitTest.ParellelTest1" name="searchTest2" time="0.173"/>
  <testcase classname="unitTest.ParellelTest2" name="searchTest3" time="2.513"/>
  <testcase classname="unitTest.ParellelTest1" name="searchTest3" time="2.535"/>
</testsuite> <!-- Test1 -->
