<?xml version="1.0" encoding="UTF-8"?>
<testng-results ignored="0" total="4" passed="4" failed="0" skipped="0">
  <reporter-output>
  </reporter-output>
  <suite started-at="2025-04-28T08:26:06 IST" name="Suite" finished-at="2025-04-28T08:26:09 IST" duration-ms="2776">
    <groups>
    </groups>
    <test started-at="2025-04-28T08:26:06 IST" name="Test1" finished-at="2025-04-28T08:26:09 IST" duration-ms="2776">
      <class name="unitTest.ParellelTest2">
        <test-method is-config="true" signature="launchBrowser()[pri:0, instance:unitTest.ParellelTest2@544fa968]" started-at="2025-04-28T08:26:04 IST" name="launchBrowser" finished-at="2025-04-28T08:26:06 IST" duration-ms="2070" status="PASS">
          <reporter-output>
          </reporter-output>
        </test-method> <!-- launchBrowser -->
        <test-method signature="searchTest2()[pri:0, instance:unitTest.ParellelTest2@544fa968]" started-at="2025-04-28T08:26:06 IST" name="searchTest2" finished-at="2025-04-28T08:26:06 IST" duration-ms="131" status="PASS">
          <reporter-output>
          </reporter-output>
        </test-method> <!-- searchTest2 -->
        <test-method signature="searchTest3()[pri:0, instance:unitTest.ParellelTest2@544fa968]" started-at="2025-04-28T08:26:06 IST" name="searchTest3" finished-at="2025-04-28T08:26:09 IST" duration-ms="2513" status="PASS">
          <reporter-output>
          </reporter-output>
        </test-method> <!-- searchTest3 -->
      </class> <!-- unitTest.ParellelTest2 -->
      <class name="unitTest.ParellelTest1">
        <test-method is-config="true" signature="launchBrowser()[pri:0, instance:unitTest.ParellelTest1@8297b3a]" started-at="2025-04-28T08:26:00 IST" name="launchBrowser" finished-at="2025-04-28T08:26:04 IST" duration-ms="3946" status="PASS">
          <reporter-output>
          </reporter-output>
        </test-method> <!-- launchBrowser -->
        <test-method signature="searchTest2()[pri:0, instance:unitTest.ParellelTest1@8297b3a]" started-at="2025-04-28T08:26:06 IST" name="searchTest2" finished-at="2025-04-28T08:26:06 IST" duration-ms="173" status="PASS">
          <reporter-output>
          </reporter-output>
        </test-method> <!-- searchTest2 -->
        <test-method signature="searchTest3()[pri:0, instance:unitTest.ParellelTest1@8297b3a]" started-at="2025-04-28T08:26:06 IST" name="searchTest3" finished-at="2025-04-28T08:26:09 IST" duration-ms="2535" status="PASS">
          <reporter-output>
          </reporter-output>
        </test-method> <!-- searchTest3 -->
      </class> <!-- unitTest.ParellelTest1 -->
    </test> <!-- Test1 -->
  </suite> <!-- Suite -->
</testng-results>
